<?xml version="1.0" encoding="UTF-8"?>
<testng-results skipped="0" failed="0" ignored="0" total="1" passed="1">
  <reporter-output>
  </reporter-output>
  <suite name="Surefire suite" duration-ms="148" started-at="2022-07-06T16:02:16Z" finished-at="2022-07-06T16:02:16Z">
    <groups>
    </groups>
    <test name="Surefire test" duration-ms="148" started-at="2022-07-06T16:02:16Z" finished-at="2022-07-06T16:02:16Z">
      <class name="org.maven.Maventest.CucumberTest">
        <test-method status="PASS" signature="m2()[pri:0, instance:org.maven.Maventest.CucumberTest@5f2050f6]" name="m2" duration-ms="102" started-at="2022-07-06T16:02:16Z" finished-at="2022-07-06T16:02:16Z">
          <reporter-output>
          </reporter-output>
        </test-method> <!-- m2 -->
      </class> <!-- org.maven.Maventest.CucumberTest -->
    </test> <!-- Surefire test -->
  </suite> <!-- Surefire suite -->
</testng-results>
