<?xml version="1.0" encoding="UTF-8"?>
<testng-results skipped="0" failed="0" ignored="0" total="1" passed="1">
  <reporter-output>
  </reporter-output>
  <suite name="Default suite" duration-ms="812" started-at="2022-07-02T12:33:52Z" finished-at="2022-07-02T12:33:53Z">
    <groups>
    </groups>
    <test name="Default test" duration-ms="812" started-at="2022-07-02T12:33:52Z" finished-at="2022-07-02T12:33:53Z">
      <class name="org.maven.Maventest.SeleniumTest">
        <test-method status="PASS" signature="m1()[pri:0, instance:org.maven.Maventest.SeleniumTest@100fc185]" name="m1" duration-ms="788" started-at="2022-07-02T12:33:52Z" finished-at="2022-07-02T12:33:53Z">
          <reporter-output>
          </reporter-output>
        </test-method> <!-- m1 -->
      </class> <!-- org.maven.Maventest.SeleniumTest -->
    </test> <!-- Default test -->
  </suite> <!-- Default suite -->
</testng-results>
